#
# There is insufficient memory for the Java Runtime Environment to continue.
# Native memory allocation (malloc) failed to allocate 974016 bytes for Chunk::new
# Possible reasons:
#   The system is out of physical RAM or swap space
#   The process is running with CompressedOops enabled, and the Java Heap may be blocking the growth of the native heap
# Possible solutions:
#   Reduce memory load on the system
#   Increase physical memory or swap space
#   Check if swap backing store is full
#   Decrease Java heap size (-Xmx/-Xms)
#   Decrease number of Java threads
#   Decrease Java thread stack sizes (-Xss)
#   Set larger code cache with -XX:ReservedCodeCacheSize=
#   JVM is running with Unscaled Compressed Oops mode in which the Java heap is
#     placed in the first 4GB address space. The Java Heap base address is the
#     maximum limit for the native heap growth. Please use -XX:HeapBaseMinAddress
#     to set the Java Heap base and to place the Java Heap above 4GB virtual address.
# This output file may be truncated or incomplete.
#
#  Out of Memory Error (allocation.cpp:389), pid=10908, tid=0x0000000000002d48
#
# JRE version: OpenJDK Runtime Environment (8.0_212-b04) (build 1.8.0_212-release-1586-b04)
# Java VM: OpenJDK 64-Bit Server VM (25.212-b04 mixed mode windows-amd64 compressed oops)
# Failed to write core dump. Minidumps are not enabled by default on client versions of Windows
#

---------------  T H R E A D  ---------------

Current thread (0x0000000018a5f800):  JavaThread "C2 CompilerThread0" daemon [_thread_in_native, id=11592, stack(0x0000000019330000,0x0000000019430000)]

Stack: [0x0000000019330000,0x0000000019430000]
[error occurred during error reporting (printing stack bounds), id 0xc0000005]

Native frames: (J=compiled Java code, j=interpreted, Vv=VM code, C=native code)


Current CompileTask:
C2:  16444 4561       4       com.sun.beans.TypeResolver::resolve (37 bytes)


---------------  P R O C E S S  ---------------

Java Threads: ( => current thread )
  0x000000001ee06000 JavaThread "Cache worker for Build Output Cleanup Cache (C:\Users\Ryzen\AndroidStudioProjects\FitnessApp\.gradle\buildOutputCleanup)" [_thread_blocked, id=20080, stack(0x0000000022eb0000,0x0000000022fb0000)]
  0x000000001ee0c800 JavaThread "pool-1-thread-1" [_thread_blocked, id=20404, stack(0x00000000229b0000,0x0000000022ab0000)]
  0x000000001ee05000 JavaThread "Build operations Thread 8" [_thread_blocked, id=11024, stack(0x00000000226b0000,0x00000000227b0000)]
  0x000000001ee0c000 JavaThread "Build operations Thread 7" [_thread_blocked, id=15864, stack(0x00000000225b0000,0x00000000226b0000)]
  0x000000001ee06800 JavaThread "Build operations Thread 6" [_thread_blocked, id=13652, stack(0x00000000224b0000,0x00000000225b0000)]
  0x000000001ee04800 JavaThread "Build operations Thread 5" [_thread_blocked, id=19552, stack(0x00000000223b0000,0x00000000224b0000)]
  0x000000001ee09800 JavaThread "Build operations Thread 4" [_thread_blocked, id=8900, stack(0x00000000222b0000,0x00000000223b0000)]
  0x000000001ee0b000 JavaThread "Build operations Thread 3" [_thread_blocked, id=9484, stack(0x00000000221b0000,0x00000000222b0000)]
  0x000000001ee0a800 JavaThread "Build operations Thread 2" [_thread_blocked, id=8000, stack(0x00000000220b0000,0x00000000221b0000)]
  0x000000001ee08000 JavaThread "Build operations" [_thread_blocked, id=12000, stack(0x0000000021900000,0x0000000021a00000)]
  0x000000001b484800 JavaThread "Cache worker for execution history cache (C:\Users\Ryzen\.gradle\caches\5.6.4\executionHistory)" [_thread_blocked, id=300, stack(0x0000000020630000,0x0000000020730000)]
  0x000000001b481000 JavaThread "Cache worker for cache directory md-rule (C:\Users\Ryzen\.gradle\caches\5.6.4\md-rule)" [_thread_blocked, id=8820, stack(0x0000000020330000,0x0000000020430000)]
  0x000000001b480000 JavaThread "Cache worker for cache directory md-supplier (C:\Users\Ryzen\.gradle\caches\5.6.4\md-supplier)" [_thread_blocked, id=16048, stack(0x0000000020230000,0x0000000020330000)]
  0x000000001b47f800 JavaThread "Cache worker for file hash cache (C:\Users\Ryzen\AndroidStudioProjects\FitnessApp\.gradle\5.6.4\fileHashes)" [_thread_blocked, id=7780, stack(0x000000001f8f0000,0x000000001f9f0000)]
  0x000000001b486000 JavaThread "Cache worker for journal cache (C:\Users\Ryzen\.gradle\caches\journal-1)" [_thread_blocked, id=6296, stack(0x000000001d650000,0x000000001d750000)]
  0x000000001b484000 JavaThread "File lock request listener" [_thread_in_native, id=10896, stack(0x000000001d550000,0x000000001d650000)]
  0x000000001b46f800 JavaThread "Cache worker for file hash cache (C:\Users\Ryzen\.gradle\caches\5.6.4\fileHashes)" [_thread_blocked, id=19928, stack(0x000000001d450000,0x000000001d550000)]
  0x0000000019969800 JavaThread "Thread-9" [_thread_blocked, id=20064, stack(0x000000001d350000,0x000000001d450000)]
  0x0000000019963000 JavaThread "Stdin handler" [_thread_blocked, id=20084, stack(0x000000001d250000,0x000000001d350000)]
  0x0000000019962000 JavaThread "Asynchronous log dispatcher for DefaultDaemonConnection: socket connection from /127.0.0.1:53670 to /127.0.0.1:53671" [_thread_blocked, id=5556, stack(0x000000001d050000,0x000000001d150000)]
  0x0000000019ca5000 JavaThread "Daemon worker" [_thread_in_Java, id=20068, stack(0x000000001cf50000,0x000000001d050000)]
  0x0000000019ca2000 JavaThread "Cancel handler" [_thread_blocked, id=15192, stack(0x000000001ce50000,0x000000001cf50000)]
  0x000000001a2ed800 JavaThread "Handler for socket connection from /127.0.0.1:53670 to /127.0.0.1:53671" [_thread_in_native, id=10780, stack(0x000000001cb50000,0x000000001cc50000)]
  0x000000001a2ec800 JavaThread "Daemon" [_thread_blocked, id=2500, stack(0x000000001ca50000,0x000000001cb50000)]
  0x000000001b320800 JavaThread "Daemon periodic checks" [_thread_blocked, id=11652, stack(0x000000001c950000,0x000000001ca50000)]
  0x000000001b32b800 JavaThread "Incoming local TCP Connector on port 53670" [_thread_in_native, id=16940, stack(0x000000001c710000,0x000000001c810000)]
  0x000000001b241000 JavaThread "Daemon health stats" [_thread_blocked, id=18956, stack(0x000000001c0d0000,0x000000001c1d0000)]
  0x0000000018af8800 JavaThread "Service Thread" daemon [_thread_blocked, id=19572, stack(0x0000000019730000,0x0000000019830000)]
  0x0000000018a66000 JavaThread "C1 CompilerThread3" daemon [_thread_blocked, id=17804, stack(0x0000000019630000,0x0000000019730000)]
  0x0000000018a63800 JavaThread "C2 CompilerThread2" daemon [_thread_in_native, id=20400, stack(0x0000000019530000,0x0000000019630000)]
  0x0000000018a62000 JavaThread "C2 CompilerThread1" daemon [_thread_in_native, id=16444, stack(0x0000000019430000,0x0000000019530000)]
=>0x0000000018a5f800 JavaThread "C2 CompilerThread0" daemon [_thread_in_native, id=11592, stack(0x0000000019330000,0x0000000019430000)]
  0x0000000018a5d000 JavaThread "Attach Listener" daemon [_thread_blocked, id=17424, stack(0x0000000019230000,0x0000000019330000)]
  0x0000000018a5c000 JavaThread "Signal Dispatcher" daemon [_thread_blocked, id=17780, stack(0x0000000019130000,0x0000000019230000)]
  0x0000000018a50800 JavaThread "Finalizer" daemon [_thread_blocked, id=13052, stack(0x0000000018f30000,0x0000000019030000)]
  0x0000000016c4c800 JavaThread "Reference Handler" daemon [_thread_blocked, id=11800, stack(0x0000000018e30000,0x0000000018f30000)]
  0x0000000002bce800 JavaThread "main" [_thread_blocked, id=9776, stack(0x0000000002c90000,0x0000000002d90000)]

Other Threads:
  0x0000000016c46000 VMThread [stack: 0x0000000018930000,0x0000000018a30000] [id=20192]
  0x0000000018af9800 WatcherThread [stack: 0x0000000019830000,0x0000000019930000] [id=10524]

VM state:not at safepoint (normal execution)

VM Mutex/Monitor currently owned by a thread: None

heap address: 0x00000000a0000000, size: 1536 MB, Compressed Oops mode: 32-bit
Narrow klass base: 0x0000000000000000, Narrow klass shift: 3
Compressed class space size: 1073741824 Address: 0x0000000100000000

Heap:
 PSYoungGen      total 137728K, used 67567K [0x00000000e0000000, 0x00000000ebc80000, 0x0000000100000000)
  eden space 125952K, 44% used [0x00000000e0000000,0x00000000e3683660,0x00000000e7b00000)
  from space 11776K, 99% used [0x00000000e7b00000,0x00000000e8678818,0x00000000e8680000)
  to   space 14336K, 0% used [0x00000000eae80000,0x00000000eae80000,0x00000000ebc80000)
 ParOldGen       total 79360K, used 21871K [0x00000000a0000000, 0x00000000a4d80000, 0x00000000e0000000)
  object space 79360K, 27% used [0x00000000a0000000,0x00000000a155bd28,0x00000000a4d80000)
 Metaspace       used 49409K, capacity 50910K, committed 51112K, reserved 1093632K
  class space    used 6643K, capacity 7025K, committed 7080K, reserved 1048576K

Card table byte_map: [0x0000000012250000,0x0000000012560000] byte_map_base: 0x0000000011d50000

Marking Bits: (ParMarkBitMap*) 0x000000005d569f30
 Begin Bits: [0x0000000012f60000, 0x0000000014760000)
 End Bits:   [0x0000000014760000, 0x0000000015f60000)

Polling page: 0x0000000000f20000

CodeCache: size=245760Kb used=14405Kb max_used=14405Kb free=231354Kb
 bounds [0x0000000002e90000, 0x0000000003cb0000, 0x0000000011e90000]
 total_blobs=4986 nmethods=4219 adapters=681
 compilation: enabled

Compilation events (10 events):
Event: 16.416 Thread 0x0000000018a66000 4665       3       sun.reflect.ClassFileAssembler::opc_athrow (12 bytes)
Event: 16.417 Thread 0x0000000018a66000 nmethod 4665 0x0000000003ca7f90 code [0x0000000003ca8120, 0x0000000003ca8428]
Event: 16.427 Thread 0x0000000018a66000 4669       3       sun.reflect.generics.parser.SignatureParser::parseClassTypeSignature (118 bytes)
Event: 16.430 Thread 0x0000000018a66000 nmethod 4669 0x0000000003ca8590 code [0x0000000003ca8940, 0x0000000003caa4e8]
Event: 16.430 Thread 0x0000000018a66000 4670       3       org.gradle.internal.instantiation.AsmBackedClassGenerator$ClassBuilderImpl::access$200 (4 bytes)
Event: 16.431 Thread 0x0000000018a66000 nmethod 4670 0x0000000003cab510 code [0x0000000003cab660, 0x0000000003cab790]
Event: 16.431 Thread 0x0000000018a66000 4672   !   3       java.lang.invoke.LambdaForm::compileToBytecode (103 bytes)
Event: 16.433 Thread 0x0000000018a66000 nmethod 4672 0x0000000003cab810 code [0x0000000003caba40, 0x0000000003cac398]
Event: 16.434 Thread 0x0000000018a66000 4673       3       sun.reflect.ConstantPool::getIntAt (10 bytes)
Event: 16.434 Thread 0x0000000018a66000 nmethod 4673 0x0000000003caccd0 code [0x0000000003cace40, 0x0000000003cacfc8]

GC Heap History (10 events):
Event: 8.490 GC heap before
{Heap before GC invocations=9 (full 1):
 PSYoungGen      total 66560K, used 56320K [0x00000000e0000000, 0x00000000e8200000, 0x0000000100000000)
  eden space 56320K, 100% used [0x00000000e0000000,0x00000000e3700000,0x00000000e3700000)
  from space 10240K, 0% used [0x00000000e3700000,0x00000000e3700000,0x00000000e4100000)
  to   space 10240K, 0% used [0x00000000e7800000,0x00000000e7800000,0x00000000e8200000)
 ParOldGen       total 52224K, used 9537K [0x00000000a0000000, 0x00000000a3300000, 0x00000000e0000000)
  object space 52224K, 18% used [0x00000000a0000000,0x00000000a0950610,0x00000000a3300000)
 Metaspace       used 27653K, capacity 28178K, committed 28288K, reserved 1073152K
  class space    used 3756K, capacity 3944K, committed 3968K, reserved 1048576K
Event: 8.502 GC heap after
Heap after GC invocations=9 (full 1):
 PSYoungGen      total 99328K, used 6746K [0x00000000e0000000, 0x00000000e7f00000, 0x0000000100000000)
  eden space 92160K, 0% used [0x00000000e0000000,0x00000000e0000000,0x00000000e5a00000)
  from space 7168K, 94% used [0x00000000e7800000,0x00000000e7e96808,0x00000000e7f00000)
  to   space 10240K, 0% used [0x00000000e6b00000,0x00000000e6b00000,0x00000000e7500000)
 ParOldGen       total 52224K, used 9545K [0x00000000a0000000, 0x00000000a3300000, 0x00000000e0000000)
  object space 52224K, 18% used [0x00000000a0000000,0x00000000a0952610,0x00000000a3300000)
 Metaspace       used 27653K, capacity 28178K, committed 28288K, reserved 1073152K
  class space    used 3756K, capacity 3944K, committed 3968K, reserved 1048576K
}
Event: 10.957 GC heap before
{Heap before GC invocations=10 (full 1):
 PSYoungGen      total 99328K, used 98906K [0x00000000e0000000, 0x00000000e7f00000, 0x0000000100000000)
  eden space 92160K, 100% used [0x00000000e0000000,0x00000000e5a00000,0x00000000e5a00000)
  from space 7168K, 94% used [0x00000000e7800000,0x00000000e7e96808,0x00000000e7f00000)
  to   space 10240K, 0% used [0x00000000e6b00000,0x00000000e6b00000,0x00000000e7500000)
 ParOldGen       total 52224K, used 9545K [0x00000000a0000000, 0x00000000a3300000, 0x00000000e0000000)
  object space 52224K, 18% used [0x00000000a0000000,0x00000000a0952610,0x00000000a3300000)
 Metaspace       used 33199K, capacity 33956K, committed 34304K, reserved 1079296K
  class space    used 4518K, capacity 4747K, committed 4864K, reserved 1048576K
Event: 10.978 GC heap after
Heap after GC invocations=10 (full 1):
 PSYoungGen      total 119808K, used 10215K [0x00000000e0000000, 0x00000000e9200000, 0x0000000100000000)
  eden space 109568K, 0% used [0x00000000e0000000,0x00000000e0000000,0x00000000e6b00000)
  from space 10240K, 99% used [0x00000000e6b00000,0x00000000e74f9cb8,0x00000000e7500000)
  to   space 11776K, 0% used [0x00000000e8680000,0x00000000e8680000,0x00000000e9200000)
 ParOldGen       total 52224K, used 10873K [0x00000000a0000000, 0x00000000a3300000, 0x00000000e0000000)
  object space 52224K, 20% used [0x00000000a0000000,0x00000000a0a9e650,0x00000000a3300000)
 Metaspace       used 33199K, capacity 33956K, committed 34304K, reserved 1079296K
  class space    used 4518K, capacity 4747K, committed 4864K, reserved 1048576K
}
Event: 11.629 GC heap before
{Heap before GC invocations=11 (full 1):
 PSYoungGen      total 119808K, used 52486K [0x00000000e0000000, 0x00000000e9200000, 0x0000000100000000)
  eden space 109568K, 38% used [0x00000000e0000000,0x00000000e2947e48,0x00000000e6b00000)
  from space 10240K, 99% used [0x00000000e6b00000,0x00000000e74f9cb8,0x00000000e7500000)
  to   space 11776K, 0% used [0x00000000e8680000,0x00000000e8680000,0x00000000e9200000)
 ParOldGen       total 52224K, used 10873K [0x00000000a0000000, 0x00000000a3300000, 0x00000000e0000000)
  object space 52224K, 20% used [0x00000000a0000000,0x00000000a0a9e650,0x00000000a3300000)
 Metaspace       used 34729K, capacity 35424K, committed 35496K, reserved 1079296K
  class space    used 4777K, capacity 4995K, committed 5032K, reserved 1048576K
Event: 11.643 GC heap after
Heap after GC invocations=11 (full 1):
 PSYoungGen      total 137728K, used 7484K [0x00000000e0000000, 0x00000000eac80000, 0x0000000100000000)
  eden space 125952K, 0% used [0x00000000e0000000,0x00000000e0000000,0x00000000e7b00000)
  from space 11776K, 63% used [0x00000000e8680000,0x00000000e8dcf018,0x00000000e9200000)
  to   space 11776K, 0% used [0x00000000e7b00000,0x00000000e7b00000,0x00000000e8680000)
 ParOldGen       total 52224K, used 13812K [0x00000000a0000000, 0x00000000a3300000, 0x00000000e0000000)
  object space 52224K, 26% used [0x00000000a0000000,0x00000000a0d7d1c0,0x00000000a3300000)
 Metaspace       used 34729K, capacity 35424K, committed 35496K, reserved 1079296K
  class space    used 4777K, capacity 4995K, committed 5032K, reserved 1048576K
}
Event: 11.643 GC heap before
{Heap before GC invocations=12 (full 2):
 PSYoungGen      total 137728K, used 7484K [0x00000000e0000000, 0x00000000eac80000, 0x0000000100000000)
  eden space 125952K, 0% used [0x00000000e0000000,0x00000000e0000000,0x00000000e7b00000)
  from space 11776K, 63% used [0x00000000e8680000,0x00000000e8dcf018,0x00000000e9200000)
  to   space 11776K, 0% used [0x00000000e7b00000,0x00000000e7b00000,0x00000000e8680000)
 ParOldGen       total 52224K, used 13812K [0x00000000a0000000, 0x00000000a3300000, 0x00000000e0000000)
  object space 52224K, 26% used [0x00000000a0000000,0x00000000a0d7d1c0,0x00000000a3300000)
 Metaspace       used 34729K, capacity 35424K, committed 35496K, reserved 1079296K
  class space    used 4777K, capacity 4995K, committed 5032K, reserved 1048576K
Event: 11.718 GC heap after
Heap after GC invocations=12 (full 2):
 PSYoungGen      total 137728K, used 0K [0x00000000e0000000, 0x00000000eac80000, 0x0000000100000000)
  eden space 125952K, 0% used [0x00000000e0000000,0x00000000e0000000,0x00000000e7b00000)
  from space 11776K, 0% used [0x00000000e8680000,0x00000000e8680000,0x00000000e9200000)
  to   space 11776K, 0% used [0x00000000e7b00000,0x00000000e7b00000,0x00000000e8680000)
 ParOldGen       total 79360K, used 17914K [0x00000000a0000000, 0x00000000a4d80000, 0x00000000e0000000)
  object space 79360K, 22% used [0x00000000a0000000,0x00000000a117e820,0x00000000a4d80000)
 Metaspace       used 34729K, capacity 35424K, committed 35496K, reserved 1079296K
  class space    used 4777K, capacity 4995K, committed 5032K, reserved 1048576K
}
Event: 15.085 GC heap before
{Heap before GC invocations=13 (full 2):
 PSYoungGen      total 137728K, used 125952K [0x00000000e0000000, 0x00000000eac80000, 0x0000000100000000)
  eden space 125952K, 100% used [0x00000000e0000000,0x00000000e7b00000,0x00000000e7b00000)
  from space 11776K, 0% used [0x00000000e8680000,0x00000000e8680000,0x00000000e9200000)
  to   space 11776K, 0% used [0x00000000e7b00000,0x00000000e7b00000,0x00000000e8680000)
 ParOldGen       total 79360K, used 17914K [0x00000000a0000000, 0x00000000a4d80000, 0x00000000e0000000)
  object space 79360K, 22% used [0x00000000a0000000,0x00000000a117e820,0x00000000a4d80000)
 Metaspace       used 45902K, capacity 47182K, committed 47272K, reserved 1089536K
  class space    used 6213K, capacity 6560K, committed 6568K, reserved 1048576K
Event: 15.109 GC heap after
Heap after GC invocations=13 (full 2):
 PSYoungGen      total 137728K, used 11746K [0x00000000e0000000, 0x00000000ebc80000, 0x0000000100000000)
  eden space 125952K, 0% used [0x00000000e0000000,0x00000000e0000000,0x00000000e7b00000)
  from space 11776K, 99% used [0x00000000e7b00000,0x00000000e8678818,0x00000000e8680000)
  to   space 14336K, 0% used [0x00000000eae80000,0x00000000eae80000,0x00000000ebc80000)
 ParOldGen       total 79360K, used 21871K [0x00000000a0000000, 0x00000000a4d80000, 0x00000000e0000000)
  object space 79360K, 27% used [0x00000000a0000000,0x00000000a155bd28,0x00000000a4d80000)
 Metaspace       used 45902K, capacity 47182K, committed 47272K, reserved 1089536K
  class space    used 6213K, capacity 6560K, committed 6568K, reserved 1048576K
}

Deoptimization events (10 events):
Event: 14.607 Thread 0x0000000019ca5000 Uncommon trap: reason=unstable_if action=reinterpret pc=0x0000000003758f0c method=org.objectweb.asm.ByteVector.putUTF8(Ljava/lang/String;)Lorg/objectweb/asm/ByteVector; @ 93
Event: 14.843 Thread 0x0000000019ca5000 Uncommon trap: reason=unstable_if action=reinterpret pc=0x00000000039d2660 method=groovy.lang.MetaClassImpl.filterPropertyMethod(Ljava/lang/Object;ZZ)Ljava/lang/Object; @ 192
Event: 15.371 Thread 0x0000000019ca5000 Uncommon trap: reason=unstable_if action=reinterpret pc=0x0000000003a63224 method=org.gradle.internal.reflect.PropertyAccessorType.of(Ljava/lang/reflect/Method;)Lorg/gradle/internal/reflect/PropertyAccessorType; @ 56
Event: 15.687 Thread 0x0000000019ca5000 Uncommon trap: reason=speculate_class_check action=maybe_recompile pc=0x0000000003969ba8 method=com.google.common.collect.AbstractIndexedListIterator.next()Ljava/lang/Object; @ 27
Event: 15.687 Thread 0x0000000019ca5000 Uncommon trap: reason=speculate_class_check action=maybe_recompile pc=0x0000000003969ba8 method=com.google.common.collect.AbstractIndexedListIterator.next()Ljava/lang/Object; @ 27
Event: 15.687 Thread 0x0000000019ca5000 Uncommon trap: reason=speculate_class_check action=maybe_recompile pc=0x0000000003969ba8 method=com.google.common.collect.AbstractIndexedListIterator.next()Ljava/lang/Object; @ 27
Event: 15.687 Thread 0x0000000019ca5000 Uncommon trap: reason=speculate_class_check action=maybe_recompile pc=0x0000000003969ba8 method=com.google.common.collect.AbstractIndexedListIterator.next()Ljava/lang/Object; @ 27
Event: 15.712 Thread 0x0000000019ca5000 Uncommon trap: reason=unstable_if action=reinterpret pc=0x0000000003a86d2c method=org.gradle.internal.instantiation.AbstractClassGenerator$InjectionAnnotationValidator.validateMethod(Ljava/lang/reflect/Method;Lorg/gradle/internal/reflect/PropertyAccessorT
Event: 15.712 Thread 0x0000000019ca5000 Uncommon trap: reason=unstable_if action=reinterpret pc=0x0000000003a8975c method=org.gradle.internal.instantiation.AbstractClassGenerator$InjectionAnnotationValidator.validateMethod(Ljava/lang/reflect/Method;Lorg/gradle/internal/reflect/PropertyAccessorT
Event: 15.776 Thread 0x0000000019ca5000 Uncommon trap: reason=unstable_if action=reinterpret pc=0x00000000039bd814 method=groovy.lang.MetaClassImpl$1MOPIter.methodNameAction(Ljava/lang/Class;Lorg/codehaus/groovy/runtime/metaclass/MetaMethodIndex$Entry;)V @ 182

Classes redefined (0 events):
No events

Internal exceptions (10 events):
Event: 15.996 Thread 0x0000000019ca5000 Exception <a 'java/lang/ClassNotFoundException': build_8yt8atkoyvtn3j5i8o56voxej$_run_closure1BeanInfo> (0x00000000e2b5c9b8) thrown at [D:\src\AOSP-openjdk-cygwin\jdk8u\hotspot\src\share\vm\classfile\systemDictionary.cpp, line 210]
Event: 15.997 Thread 0x0000000019ca5000 Exception <a 'java/lang/ClassNotFoundException': build_8yt8atkoyvtn3j5i8o56voxej$_run_closure1Customizer> (0x00000000e2b6e0c8) thrown at [D:\src\AOSP-openjdk-cygwin\jdk8u\hotspot\src\share\vm\classfile\systemDictionary.cpp, line 210]
Event: 16.019 Thread 0x0000000019ca5000 Exception <a 'java/lang/ClassNotFoundException': org/gradle/api/internal/file/collections/DefaultConfigurableFileTreeBeanInfo> (0x00000000e2d00eb0) thrown at [D:\src\AOSP-openjdk-cygwin\jdk8u\hotspot\src\share\vm\classfile\systemDictionary.cpp, line 210]
Event: 16.020 Thread 0x0000000019ca5000 Exception <a 'java/lang/ClassNotFoundException': org/gradle/api/internal/file/CompositeFileTreeBeanInfo> (0x00000000e2d393b8) thrown at [D:\src\AOSP-openjdk-cygwin\jdk8u\hotspot\src\share\vm\classfile\systemDictionary.cpp, line 210]
Event: 16.021 Thread 0x0000000019ca5000 Exception <a 'java/lang/ClassNotFoundException': org/gradle/api/internal/file/CompositeFileCollectionBeanInfo> (0x00000000e2d75e80) thrown at [D:\src\AOSP-openjdk-cygwin\jdk8u\hotspot\src\share\vm\classfile\systemDictionary.cpp, line 210]
Event: 16.022 Thread 0x0000000019ca5000 Exception <a 'java/lang/ClassNotFoundException': org/gradle/api/internal/file/AbstractFileCollectionBeanInfo> (0x00000000e2db30f0) thrown at [D:\src\AOSP-openjdk-cygwin\jdk8u\hotspot\src\share\vm\classfile\systemDictionary.cpp, line 210]
Event: 16.023 Thread 0x0000000019ca5000 Exception <a 'java/lang/ClassNotFoundException': org/gradle/api/internal/file/AbstractFileCollectionCustomizer> (0x00000000e2df0d20) thrown at [D:\src\AOSP-openjdk-cygwin\jdk8u\hotspot\src\share\vm\classfile\systemDictionary.cpp, line 210]
Event: 16.026 Thread 0x0000000019ca5000 Exception <a 'java/lang/ClassNotFoundException': org/gradle/api/internal/file/CompositeFileCollectionCustomizer> (0x00000000e2e3ea30) thrown at [D:\src\AOSP-openjdk-cygwin\jdk8u\hotspot\src\share\vm\classfile\systemDictionary.cpp, line 210]
Event: 16.029 Thread 0x0000000019ca5000 Exception <a 'java/lang/ClassNotFoundException': org/gradle/api/internal/file/CompositeFileTreeCustomizer> (0x00000000e2e88e00) thrown at [D:\src\AOSP-openjdk-cygwin\jdk8u\hotspot\src\share\vm\classfile\systemDictionary.cpp, line 210]
Event: 16.035 Thread 0x0000000019ca5000 Exception <a 'java/lang/ClassNotFoundException': org/gradle/api/internal/file/collections/DefaultConfigurableFileTreeCustomizer> (0x00000000e2ede0c8) thrown at [D:\src\AOSP-openjdk-cygwin\jdk8u\hotspot\src\share\vm\classfile\systemDictionary.cpp, line 210

Events (10 events):
Event: 16.425 loading class com/android/build/gradle/internal/dependency/AarToClassTransform$Params
Event: 16.425 loading class com/android/build/gradle/internal/dependency/AarToClassTransform$Params done
Event: 16.430 loading class com/android/build/gradle/internal/dependency/AarToClassTransform$Params
Event: 16.430 loading class com/android/build/gradle/internal/dependency/AarToClassTransform$Params done
Event: 16.431 loading class com/android/build/gradle/internal/dependency/AarToClassTransform$Params
Event: 16.431 loading class com/android/build/gradle/internal/dependency/AarToClassTransform$Params done
Event: 16.431 loading class com/android/build/gradle/internal/VariantManager
Event: 16.431 loading class com/android/build/gradle/internal/VariantManager done
Event: 16.435 loading class com/android/build/gradle/internal/dependency/AarToClassTransform$Companion
Event: 16.435 loading class com/android/build/gradle/internal/dependency/AarToClassTransform$Companion done


Dynamic libraries:
0x00007ff7847c0000 - 0x00007ff7847f1000 	C:\Program Files\Android\Android Studio\jre\bin\java.exe
0x00007ff902180000 - 0x00007ff902370000 	C:\WINDOWS\SYSTEM32\ntdll.dll
0x00007ff900d30000 - 0x00007ff900de2000 	C:\WINDOWS\System32\KERNEL32.DLL
0x00007ff8ff110000 - 0x00007ff8ff3b4000 	C:\WINDOWS\System32\KERNELBASE.dll
0x00007ff900a50000 - 0x00007ff900af3000 	C:\WINDOWS\System32\ADVAPI32.dll
0x00007ff900ec0000 - 0x00007ff900f5e000 	C:\WINDOWS\System32\msvcrt.dll
0x00007ff900950000 - 0x00007ff9009e7000 	C:\WINDOWS\System32\sechost.dll
0x00007ff900640000 - 0x00007ff900760000 	C:\WINDOWS\System32\RPCRT4.dll
0x00007ff901930000 - 0x00007ff901ac4000 	C:\WINDOWS\System32\USER32.dll
0x00007ff8ff3c0000 - 0x00007ff8ff3e1000 	C:\WINDOWS\System32\win32u.dll
0x00007ff900bc0000 - 0x00007ff900be6000 	C:\WINDOWS\System32\GDI32.dll
0x00007ff8ffe20000 - 0x00007ff8fffb4000 	C:\WINDOWS\System32\gdi32full.dll
0x00007ff900190000 - 0x00007ff90022e000 	C:\WINDOWS\System32\msvcp_win.dll
0x00007ff8ff520000 - 0x00007ff8ff61a000 	C:\WINDOWS\System32\ucrtbase.dll
0x00007ff8e97f0000 - 0x00007ff8e9a74000 	C:\WINDOWS\WinSxS\amd64_microsoft.windows.common-controls_6595b64144ccf1df_6.0.18362.815_none_e6c3b941130ffef4\COMCTL32.dll
0x00007ff900230000 - 0x00007ff900566000 	C:\WINDOWS\System32\combase.dll
0x00007ff8ff4a0000 - 0x00007ff8ff520000 	C:\WINDOWS\System32\bcryptPrimitives.dll
0x00007ff900910000 - 0x00007ff90093e000 	C:\WINDOWS\System32\IMM32.DLL
0x000000005ccc0000 - 0x000000005cd92000 	C:\Program Files\Android\Android Studio\jre\jre\bin\msvcr100.dll
0x000000005cda0000 - 0x000000005d5e6000 	C:\Program Files\Android\Android Studio\jre\jre\bin\server\jvm.dll
0x00007ff9016c0000 - 0x00007ff9016c8000 	C:\WINDOWS\System32\PSAPI.DLL
0x00007ff8f8590000 - 0x00007ff8f859a000 	C:\WINDOWS\SYSTEM32\VERSION.dll
0x00007ff8fb520000 - 0x00007ff8fb544000 	C:\WINDOWS\SYSTEM32\WINMM.dll
0x00007ff8fb800000 - 0x00007ff8fb809000 	C:\WINDOWS\SYSTEM32\WSOCK32.dll
0x00007ff902070000 - 0x00007ff9020df000 	C:\WINDOWS\System32\ws2_32.DLL
0x00007ff8fb4f0000 - 0x00007ff8fb51d000 	C:\WINDOWS\SYSTEM32\WINMMBASE.dll
0x00007ff900140000 - 0x00007ff90018a000 	C:\WINDOWS\System32\cfgmgr32.dll
0x00007ff8eef70000 - 0x00007ff8eef7f000 	C:\Program Files\Android\Android Studio\jre\jre\bin\verify.dll
0x00007ff8e8880000 - 0x00007ff8e88a9000 	C:\Program Files\Android\Android Studio\jre\jre\bin\java.dll
0x00007ff8de150000 - 0x00007ff8de166000 	C:\Program Files\Android\Android Studio\jre\jre\bin\zip.dll
0x00007ff900f60000 - 0x00007ff901644000 	C:\WINDOWS\System32\SHELL32.dll
0x00007ff900590000 - 0x00007ff900639000 	C:\WINDOWS\System32\shcore.dll
0x00007ff8ff620000 - 0x00007ff8ffd9d000 	C:\WINDOWS\System32\windows.storage.dll
0x00007ff8ff0e0000 - 0x00007ff8ff103000 	C:\WINDOWS\System32\profapi.dll
0x00007ff8ff050000 - 0x00007ff8ff09a000 	C:\WINDOWS\System32\powrprof.dll
0x00007ff8ff040000 - 0x00007ff8ff050000 	C:\WINDOWS\System32\UMPDC.dll
0x00007ff9009f0000 - 0x00007ff900a42000 	C:\WINDOWS\System32\shlwapi.dll
0x00007ff8ff0c0000 - 0x00007ff8ff0d1000 	C:\WINDOWS\System32\kernel.appcore.dll
0x00007ff8ffda0000 - 0x00007ff8ffdb7000 	C:\WINDOWS\System32\cryptsp.dll
0x00007ff8de130000 - 0x00007ff8de14a000 	C:\Program Files\Android\Android Studio\jre\jre\bin\net.dll
0x00007ff8ec640000 - 0x00007ff8ec816000 	C:\WINDOWS\SYSTEM32\urlmon.dll
0x00007ff8ee3f0000 - 0x00007ff8ee696000 	C:\WINDOWS\SYSTEM32\iertutil.dll
0x00007ff8fe980000 - 0x00007ff8fe98c000 	C:\WINDOWS\SYSTEM32\CRYPTBASE.DLL
0x00007ff8fe800000 - 0x00007ff8fe867000 	C:\WINDOWS\system32\mswsock.dll
0x00007ff8de110000 - 0x00007ff8de123000 	C:\Program Files\Android\Android Studio\jre\jre\bin\nio.dll
0x00007ff8dedf0000 - 0x00007ff8dee16000 	C:\Users\Ryzen\.gradle\native\30\windows-amd64\native-platform.dll
0x00007ff8e8840000 - 0x00007ff8e884d000 	C:\Program Files\Android\Android Studio\jre\jre\bin\management.dll
0x00007ff8fe380000 - 0x00007ff8fe3b3000 	C:\WINDOWS\system32\rsaenh.dll
0x00007ff900110000 - 0x00007ff900136000 	C:\WINDOWS\System32\bcrypt.dll
0x00007ff8fef30000 - 0x00007ff8fef55000 	C:\WINDOWS\SYSTEM32\USERENV.dll
0x00007ff8fe520000 - 0x00007ff8fe55a000 	C:\WINDOWS\SYSTEM32\IPHLPAPI.DLL
0x00007ff900bb0000 - 0x00007ff900bb8000 	C:\WINDOWS\System32\NSI.dll
0x00007ff8f74f0000 - 0x00007ff8f7506000 	C:\WINDOWS\SYSTEM32\dhcpcsvc6.DLL
0x00007ff8f7a30000 - 0x00007ff8f7a4c000 	C:\WINDOWS\SYSTEM32\dhcpcsvc.DLL
0x00007ff8fe560000 - 0x00007ff8fe62b000 	C:\WINDOWS\SYSTEM32\DNSAPI.dll

VM Arguments:
jvm_args: -Xmx1536m -Dfile.encoding=windows-1252 -Duser.country=US -Duser.language=en -Duser.variant 
java_command: org.gradle.launcher.daemon.bootstrap.GradleDaemon 5.6.4
java_class_path (initial): C:\Users\Ryzen\.gradle\wrapper\dists\gradle-5.6.4-all\ankdp27end7byghfw1q2sw75f\gradle-5.6.4\lib\gradle-launcher-5.6.4.jar
Launcher Type: SUN_STANDARD

Environment Variables:
PATH=C:\Program Files (x86)\Common Files\Intel\Shared Libraries\redist\intel64\compiler;C:\WINDOWS\system32;C:\WINDOWS;C:\WINDOWS\System32\Wbem;C:\WINDOWS\System32\WindowsPowerShell\v1.0\;C:\WINDOWS\System32\OpenSSH\;C:\Program Files (x86)\Yarn\bin\;C:\MinGW\bin;C:\Program Files\nodejs\;C:\ProgramData\chocolatey\bin;C:\Users\Ryzen\AppData\Local\Programs\Python\Python36\Scripts\;C:\Users\Ryzen\AppData\Local\Programs\Python\Python36\;C:\Users\Ryzen\AppData\Local\Microsoft\WindowsApps;;C:\Users\Ryzen\AppData\Local\Programs\Microsoft VS Code\bin;C:\Users\Ryzen\AppData\Local\Yarn\bin;C:\Users\Ryzen\AppData\Roaming\npm;C:\Program Files\heroku\bin
USERNAME=Ryzen
OS=Windows_NT
PROCESSOR_IDENTIFIER=AMD64 Family 23 Model 17 Stepping 0, AuthenticAMD



---------------  S Y S T E M  ---------------

OS: Windows 10.0 , 64 bit Build 18362 (10.0.18362.778)

CPU:total 8 (initial active 8) (8 cores per cpu, 1 threads per core) family 23 model 17 stepping 0, cmov, cx8, fxsr, mmx, sse, sse2, sse3, ssse3, sse4.1, sse4.2, popcnt, avx, avx2, aes, clmul, mmxext, 3dnowpref, lzcnt, sse4a, tsc, tscinvbit, tscinv, bmi1

Memory: 4k page, physical 7229232k(243036k free), swap 12523440k(5412k free)

vm_info: OpenJDK 64-Bit Server VM (25.212-b04) for windows-amd64 JRE (1.8.0_212-release-1586-b04), built by "builder" with MS VC++ 10.0 (VS2010)

time: Sat May 02 16:21:28 2020
timezone: Pakistan Standard Time
elapsed time: 16 seconds (0d 0h 0m 16s)

